<?xml version="1.0" encoding="UTF-8"?>
<!-- Generated by org.testng.reporters.JUnitReportReporter -->
<testsuite hostname="NitinsDesktop007" failures="0" tests="5" name="TestCases.TC02_SearchFilterParallelTest" time="521.510" errors="0" timestamp="2025-10-11T01:21:08 IST" skipped="0">
  <testcase classname="TestCases.TC02_SearchFilterParallelTest" name="testSearchAndFilter" time="111.154"/>
  <testcase classname="TestCases.TC02_SearchFilterParallelTest" name="testSearchAndFilter" time="99.181"/>
  <testcase classname="TestCases.TC02_SearchFilterParallelTest" name="testSearchAndFilter" time="100.608"/>
  <testcase classname="TestCases.TC02_SearchFilterParallelTest" name="testSearchAndFilter" time="101.876"/>
  <testcase classname="TestCases.TC02_SearchFilterParallelTest" name="testSearchAndFilter" time="108.691"/>
</testsuite> <!-- TestCases.TC02_SearchFilterParallelTest -->
