<?xml version="1.0" encoding="UTF-8"?>
<!-- Generated by org.testng.reporters.JUnitReportReporter -->
<testsuite hostname="NitinsDesktop007" failures="0" tests="1" name="TestCases.TC01_SearchFilterMobilePhone" time="95.281" errors="0" timestamp="2025-10-11T00:28:38 IST" skipped="0">
  <testcase classname="TestCases.TC01_SearchFilterMobilePhone" name="SearchBar" time="95.281"/>
</testsuite> <!-- TestCases.TC01_SearchFilterMobilePhone -->
